Arguments: 
  /Users/sxl/.nvm/versions/node/v18.1.0/bin/node /Users/sxl/.nvm/versions/node/v18.1.0/bin/yarn add @commitlint/cli @commitlint/config-contentional husky -D -W

PATH: 
  /Users/sxl/.nvm/versions/node/v18.1.0/bin:/Users/sxl/.nvm/versions/node/v18.1.0/bin:/usr/local/bin:/usr/local/sbin:~/bin:/usr/local/bin:/usr/bin:/bin:/usr/sbin:/sbin:/Users/sxl/.nvm/versions/node/v18.1.0/bin:/usr/local/sbin:~/bin:/opt/homebrew/bin:/opt/homebrew/sbin:/Users/sxl/devtools/apache-maven-3.8.6/bin:/usr/local/mysql/bin:/Users/sxl/.yarn/bin:/Users/sxl/devtools/apache-maven-3.8.6/bin:/usr/local/mysql/bin:/Users/sxl/.yarn/bin

Yarn version: 
  1.22.19

Node version: 
  18.1.0

Platform: 
  darwin arm64

Trace: 
  Error: https://registry.npmmirror.com/@commitlint%2fconfig-contentional: [NOT_FOUND] @commitlint/config-contentional not found
      at params.callback [as _callback] (/Users/sxl/.nvm/versions/node/v18.1.0/lib/node_modules/yarn/lib/cli.js:66145:18)
      at self.callback (/Users/sxl/.nvm/versions/node/v18.1.0/lib/node_modules/yarn/lib/cli.js:140890:22)
      at Request.emit (node:events:527:28)
      at Request.<anonymous> (/Users/sxl/.nvm/versions/node/v18.1.0/lib/node_modules/yarn/lib/cli.js:141862:10)
      at Request.emit (node:events:527:28)
      at Gunzip.<anonymous> (/Users/sxl/.nvm/versions/node/v18.1.0/lib/node_modules/yarn/lib/cli.js:141784:12)
      at Object.onceWrapper (node:events:641:28)
      at Gunzip.emit (node:events:527:28)
      at endReadableNT (node:internal/streams/readable:1344:12)
      at process.processTicksAndRejections (node:internal/process/task_queues:82:21)

npm manifest: 
  {
    "name": "root",
    "private": true,
    "workspaces": [
      "packages/*"
    ],
    "scripts": {
      "commit": "cz",
      "prepare": "husky install"
    },
    "devDependencies": {
      "commitizen": "^4.2.5",
      "cz-conventional-changelog": "^3.3.0",
      "lerna": "^6.0.3"
    },
    "config": {
      "commitizen": {
        "path": "./node_modules/cz-conventional-changelog"
      }
    }
  }

yarn manifest: 
  No manifest

Lockfile: 
  No lockfile
